{
  "RSpec": {
    "coverage": {
      "/Users/ryn/turing/3module/projects/rails_api/rails_engine/config/environment.rb": {
        "lines": [
          null,
          1,
          null,
          null,
          1
        ]
      },
      "/Users/ryn/turing/3module/projects/rails_api/rails_engine/config/application.rb": {
        "lines": [
          1,
          null,
          1,
          null,
          1,
          1,
          1,
          1,
          1,
          1,
          1,
          1,
          null,
          null,
          null,
          null,
          null,
          1,
          null,
          1,
          1,
          null,
          1,
          null,
          null,
          null,
          null,
          null,
          null,
          null,
          null,
          null,
          1,
          null,
          null
        ]
      },
      "/Users/ryn/turing/3module/projects/rails_api/rails_engine/config/boot.rb": {
        "lines": [
          1,
          null,
          1,
          1
        ]
      },
      "/Users/ryn/turing/3module/projects/rails_api/rails_engine/config/environments/test.rb": {
        "lines": [
          1,
          null,
          null,
          null,
          null,
          null,
          null,
          1,
          null,
          null,
          null,
          null,
          1,
          null,
          null,
          1,
          1,
          null,
          null,
          null,
          null,
          1,
          1,
          null,
          null,
          1,
          null,
          null,
          1,
          null,
          null,
          1,
          null,
          1,
          null,
          null,
          null,
          null,
          1,
          null,
          null,
          1,
          null,
          null,
          null,
          null
        ]
      },
      "/Users/ryn/turing/3module/projects/rails_api/rails_engine/config/initializers/application_controller_renderer.rb": {
        "lines": [
          null,
          null,
          null,
          null,
          null,
          null,
          null,
          null
        ]
      },
      "/Users/ryn/turing/3module/projects/rails_api/rails_engine/config/initializers/backtrace_silencers.rb": {
        "lines": [
          null,
          null,
          null,
          null,
          null,
          null,
          null
        ]
      },
      "/Users/ryn/turing/3module/projects/rails_api/rails_engine/config/initializers/cors.rb": {
        "lines": [
          null,
          null,
          null,
          null,
          null,
          null,
          null,
          null,
          null,
          null,
          null,
          null,
          null,
          null,
          null,
          null
        ]
      },
      "/Users/ryn/turing/3module/projects/rails_api/rails_engine/config/initializers/filter_parameter_logging.rb": {
        "lines": [
          null,
          null,
          null,
          1
        ]
      },
      "/Users/ryn/turing/3module/projects/rails_api/rails_engine/config/initializers/inflections.rb": {
        "lines": [
          null,
          null,
          null,
          null,
          null,
          null,
          null,
          null,
          null,
          null,
          null,
          null,
          null,
          null,
          null,
          null
        ]
      },
      "/Users/ryn/turing/3module/projects/rails_api/rails_engine/config/initializers/mime_types.rb": {
        "lines": [
          null,
          null,
          null,
          null
        ]
      },
      "/Users/ryn/turing/3module/projects/rails_api/rails_engine/config/initializers/wrap_parameters.rb": {
        "lines": [
          null,
          null,
          null,
          null,
          null,
          null,
          1,
          2,
          null,
          null,
          null,
          null,
          null,
          null
        ]
      },
      "/Users/ryn/turing/3module/projects/rails_api/rails_engine/spec/factories/customer.rb": {
        "lines": [
          1,
          1,
          9,
          9,
          null,
          null
        ]
      },
      "/Users/ryn/turing/3module/projects/rails_api/rails_engine/spec/factories/invoice_items.rb": {
        "lines": [
          1,
          1,
          1,
          1,
          1,
          1,
          null,
          null
        ]
      },
      "/Users/ryn/turing/3module/projects/rails_api/rails_engine/spec/factories/invoices.rb": {
        "lines": [
          1,
          1,
          1,
          1,
          17,
          null,
          null
        ]
      },
      "/Users/ryn/turing/3module/projects/rails_api/rails_engine/spec/factories/items.rb": {
        "lines": [
          1,
          1,
          1,
          44,
          52,
          20,
          null,
          null
        ]
      },
      "/Users/ryn/turing/3module/projects/rails_api/rails_engine/spec/factories/merchants.rb": {
        "lines": [
          1,
          1,
          42,
          null,
          null
        ]
      },
      "/Users/ryn/turing/3module/projects/rails_api/rails_engine/spec/factories/sales.rb": {
        "lines": [
          1,
          1,
          1,
          17,
          17,
          17,
          null,
          null
        ]
      },
      "/Users/ryn/turing/3module/projects/rails_api/rails_engine/config/routes.rb": {
        "lines": [
          1,
          null,
          null,
          1,
          1,
          null,
          1,
          1,
          1,
          1,
          null,
          null,
          1,
          1,
          null,
          1,
          1,
          null,
          1,
          1,
          null,
          null,
          1,
          1,
          null,
          null,
          null,
          null
        ]
      },
      "/Users/ryn/turing/3module/projects/rails_api/rails_engine/app/models/customer.rb": {
        "lines": [
          1,
          1,
          null,
          null,
          1,
          null
        ]
      },
      "/Users/ryn/turing/3module/projects/rails_api/rails_engine/app/models/application_record.rb": {
        "lines": [
          1,
          1,
          null
        ]
      },
      "/Users/ryn/turing/3module/projects/rails_api/rails_engine/spec/models/invoice_item_spec.rb": {
        "lines": [
          1,
          null,
          1,
          1,
          2,
          2,
          null,
          null
        ]
      },
      "/Users/ryn/turing/3module/projects/rails_api/rails_engine/app/models/invoice_item.rb": {
        "lines": [
          1,
          1,
          1,
          null
        ]
      },
      "/Users/ryn/turing/3module/projects/rails_api/rails_engine/spec/models/invoice_spec.rb": {
        "lines": [
          1,
          null,
          1,
          1,
          2,
          2,
          2,
          2,
          2,
          null,
          null
        ]
      },
      "/Users/ryn/turing/3module/projects/rails_api/rails_engine/app/models/invoice.rb": {
        "lines": [
          1,
          1,
          1,
          1,
          1,
          1,
          null
        ]
      },
      "/Users/ryn/turing/3module/projects/rails_api/rails_engine/spec/models/item_spec.rb": {
        "lines": [
          1,
          null,
          1,
          1,
          2,
          2,
          2,
          null,
          null
        ]
      },
      "/Users/ryn/turing/3module/projects/rails_api/rails_engine/app/models/item.rb": {
        "lines": [
          1,
          1,
          1,
          1,
          null
        ]
      },
      "/Users/ryn/turing/3module/projects/rails_api/rails_engine/spec/models/merchant_spec.rb": {
        "lines": [
          1,
          null,
          1,
          1,
          2,
          2,
          2,
          2,
          null,
          null
        ]
      },
      "/Users/ryn/turing/3module/projects/rails_api/rails_engine/app/models/merchant.rb": {
        "lines": [
          1,
          1,
          1,
          1,
          1,
          null
        ]
      },
      "/Users/ryn/turing/3module/projects/rails_api/rails_engine/spec/models/sale_spec.rb": {
        "lines": [
          1,
          null,
          1,
          1,
          2,
          null,
          null
        ]
      },
      "/Users/ryn/turing/3module/projects/rails_api/rails_engine/app/models/sale.rb": {
        "lines": [
          1,
          1,
          null
        ]
      },
      "/Users/ryn/turing/3module/projects/rails_api/rails_engine/spec/requests/api/v1/business_intell_request_spec.rb": {
        "lines": [
          1,
          null,
          1,
          1,
          4,
          4,
          4,
          4,
          4,
          null,
          4,
          4,
          4,
          4,
          4,
          4,
          4,
          4,
          null,
          4,
          4,
          null,
          4,
          4,
          4,
          4,
          null,
          4,
          4,
          4,
          4,
          4,
          4,
          4,
          null,
          4,
          4,
          4,
          4,
          null,
          null,
          1,
          1,
          1,
          null,
          1,
          1,
          null,
          1,
          1,
          null,
          1,
          1,
          null,
          null,
          1,
          1,
          1,
          null,
          1,
          1,
          null,
          1,
          1,
          1,
          1,
          1,
          1,
          null,
          null,
          1,
          1,
          1,
          1,
          null,
          1,
          1,
          null,
          1,
          1,
          1,
          null,
          null,
          1,
          1,
          null,
          1,
          1,
          null,
          1,
          1,
          1,
          null,
          null
        ]
      },
      "/Users/ryn/turing/3module/projects/rails_api/rails_engine/spec/requests/api/v1/find_endpoints_request_spec.rb": {
        "lines": [
          1,
          null,
          1,
          1,
          1,
          1,
          1,
          1,
          1,
          null,
          1,
          null,
          1,
          1,
          1,
          1,
          null,
          null,
          1,
          1,
          1,
          1,
          1,
          null,
          1,
          null,
          1,
          1,
          null,
          1,
          1,
          1,
          1,
          null,
          null,
          null,
          1,
          1,
          1,
          1,
          1,
          1,
          1,
          null,
          1,
          null,
          1,
          1,
          1,
          null,
          null,
          1,
          1,
          1,
          1,
          1,
          1,
          null,
          1,
          null,
          1,
          1,
          null,
          1,
          1,
          1,
          1,
          1,
          1,
          1,
          null,
          null,
          null
        ]
      },
      "/Users/ryn/turing/3module/projects/rails_api/rails_engine/spec/requests/api/v1/items_request_spec.rb": {
        "lines": [
          1,
          null,
          1,
          1,
          1,
          1,
          null,
          1,
          1,
          1,
          1,
          null,
          null,
          1,
          1,
          1,
          null,
          1,
          1,
          1,
          1,
          null,
          null,
          1,
          1,
          1,
          null,
          null,
          null,
          1,
          null,
          1,
          1,
          1,
          1,
          null,
          null,
          1,
          1,
          1,
          1,
          1,
          1,
          null,
          1,
          1,
          null,
          1,
          1,
          1,
          null,
          null,
          1,
          1,
          1,
          null,
          2,
          2,
          null,
          null,
          1,
          1,
          1,
          1,
          null,
          1,
          null,
          1,
          1,
          1,
          null,
          null,
          null
        ]
      },
      "/Users/ryn/turing/3module/projects/rails_api/rails_engine/spec/requests/api/v1/merchants_request_spec.rb": {
        "lines": [
          1,
          null,
          1,
          1,
          1,
          null,
          1,
          1,
          1,
          1,
          null,
          null,
          1,
          1,
          null,
          1,
          1,
          1,
          1,
          null,
          null,
          1,
          1,
          1,
          null,
          1,
          1,
          1,
          1,
          null,
          null,
          1,
          1,
          1,
          1,
          1,
          null,
          1,
          1,
          null,
          1,
          1,
          1,
          null,
          null,
          1,
          1,
          null,
          2,
          2,
          null,
          null,
          null,
          1,
          1,
          1,
          1,
          1,
          1,
          1,
          1,
          null,
          1,
          null,
          1,
          1,
          1,
          1,
          1,
          1,
          null,
          null
        ]
      },
      "/Users/ryn/turing/3module/projects/rails_api/rails_engine/app/controllers/api/v1/business_controller.rb": {
        "lines": [
          1,
          1,
          1,
          1,
          null,
          null,
          1,
          1,
          1,
          null,
          null,
          1,
          1,
          1,
          1,
          1,
          null,
          null,
          1,
          1,
          1,
          1,
          null,
          null
        ]
      },
      "/Users/ryn/turing/3module/projects/rails_api/rails_engine/app/controllers/application_controller.rb": {
        "lines": [
          1,
          null
        ]
      },
      "/Users/ryn/turing/3module/projects/rails_api/rails_engine/app/poros/business_intelligence.rb": {
        "lines": [
          1,
          1,
          null,
          null,
          null,
          null,
          null,
          null,
          null,
          1,
          null,
          null,
          1,
          null,
          null,
          null,
          null,
          null,
          null,
          null,
          1,
          null,
          null,
          1,
          null,
          null,
          null,
          null,
          null,
          null,
          2,
          null,
          null,
          1,
          null,
          null,
          null,
          null,
          1,
          null,
          null
        ]
      },
      "/Users/ryn/turing/3module/projects/rails_api/rails_engine/app/serializers/merchant_serializer.rb": {
        "lines": [
          1,
          1,
          1,
          null,
          1,
          null
        ]
      },
      "/Users/ryn/turing/3module/projects/rails_api/rails_engine/app/serializers/revenue_serializer.rb": {
        "lines": [
          1,
          1,
          2,
          null,
          null,
          null,
          null,
          null,
          null,
          null,
          null,
          null
        ]
      },
      "/Users/ryn/turing/3module/projects/rails_api/rails_engine/app/controllers/api/v1/search_merchants_controller.rb": {
        "lines": [
          1,
          1,
          1,
          1,
          null,
          null,
          1,
          1,
          1,
          null,
          null
        ]
      },
      "/Users/ryn/turing/3module/projects/rails_api/rails_engine/app/poros/merchant_search_results.rb": {
        "lines": [
          1,
          1,
          1,
          1,
          null,
          null,
          null,
          1,
          1,
          4,
          null,
          null,
          null
        ]
      },
      "/Users/ryn/turing/3module/projects/rails_api/rails_engine/app/controllers/api/v1/search_items_controller.rb": {
        "lines": [
          1,
          1,
          1,
          1,
          null,
          null,
          1,
          1,
          1,
          null,
          null
        ]
      },
      "/Users/ryn/turing/3module/projects/rails_api/rails_engine/app/poros/item_search_results.rb": {
        "lines": [
          1,
          1,
          1,
          3,
          null,
          null,
          null,
          1,
          1,
          4,
          null,
          null,
          null
        ]
      },
      "/Users/ryn/turing/3module/projects/rails_api/rails_engine/app/serializers/item_serializer.rb": {
        "lines": [
          1,
          1,
          1,
          1,
          null
        ]
      },
      "/Users/ryn/turing/3module/projects/rails_api/rails_engine/app/controllers/api/v1/items_controller.rb": {
        "lines": [
          1,
          1,
          2,
          1,
          null,
          1,
          null,
          null,
          null,
          1,
          1,
          null,
          null,
          1,
          1,
          null,
          null,
          1,
          1,
          null,
          null,
          1,
          1,
          null,
          null,
          1,
          1,
          2,
          null,
          null
        ]
      },
      "/Users/ryn/turing/3module/projects/rails_api/rails_engine/app/controllers/api/v1/merchants_controller.rb": {
        "lines": [
          1,
          1,
          1,
          null,
          null,
          1,
          2,
          1,
          1,
          null,
          1,
          null,
          null,
          null,
          1,
          1,
          null,
          null,
          1,
          1,
          null,
          null,
          1,
          1,
          null,
          null,
          1,
          1,
          2,
          null,
          null
        ]
      }
    },
    "timestamp": 1599140409
  }
}
